TN:
SF:database.js
FN:8,(anonymous_0)
FN:9,(anonymous_1)
FNF:2
FNH:2
FNDA:18,(anonymous_0)
FNDA:18,(anonymous_1)
DA:1,21
DA:2,21
DA:4,21
DA:5,21
DA:8,21
DA:9,18
DA:11,18
DA:22,18
DA:35,18
DA:47,18
DA:57,18
DA:69,18
DA:77,18
DA:81,21
LF:14
LH:14
BRF:0
BRH:0
end_of_record
TN:
SF:routes\baskets.js
FN:7,(anonymous_0)
FN:18,(anonymous_1)
FN:27,(anonymous_2)
FN:28,(anonymous_3)
FN:31,(anonymous_4)
FN:40,(anonymous_5)
FN:41,(anonymous_6)
FN:75,(anonymous_7)
FN:84,(anonymous_8)
FN:93,(anonymous_9)
FN:94,(anonymous_10)
FN:108,(anonymous_11)
FN:118,(anonymous_12)
FNF:13
FNH:13
FNDA:11,(anonymous_0)
FNDA:7,(anonymous_1)
FNDA:9,(anonymous_2)
FNDA:9,(anonymous_3)
FNDA:5,(anonymous_4)
FNDA:8,(anonymous_5)
FNDA:12,(anonymous_6)
FNDA:8,(anonymous_7)
FNDA:4,(anonymous_8)
FNDA:7,(anonymous_9)
FNDA:7,(anonymous_10)
FNDA:5,(anonymous_11)
FNDA:5,(anonymous_12)
DA:1,1
DA:2,1
DA:3,1
DA:4,1
DA:7,1
DA:8,11
DA:10,11
DA:11,4
DA:15,7
DA:16,7
DA:18,7
DA:19,7
DA:20,1
DA:22,6
DA:23,1
DA:27,9
DA:28,9
DA:29,5
DA:31,5
DA:32,5
DA:33,1
DA:37,4
DA:38,4
DA:40,4
DA:41,12
DA:42,8
DA:43,7
DA:48,7
DA:49,7
DA:51,7
DA:60,4
DA:75,1
DA:76,8
DA:78,8
DA:79,4
DA:82,4
DA:84,4
DA:85,4
DA:86,1
DA:89,3
DA:90,3
DA:92,3
DA:93,3
DA:94,7
DA:95,7
DA:96,0
DA:98,7
DA:99,7
DA:100,3
DA:108,1
DA:109,5
DA:118,5
DA:119,5
DA:120,1
DA:122,4
DA:126,1
LF:56
LH:55
BRDA:10,0,0,4
BRDA:10,0,1,7
BRDA:10,1,0,11
BRDA:10,1,1,10
BRDA:10,1,2,9
BRDA:10,1,3,8
BRDA:15,2,0,6
BRDA:15,2,1,1
BRDA:19,3,0,1
BRDA:19,3,1,6
BRDA:22,4,0,1
BRDA:22,4,1,5
BRDA:32,5,0,1
BRDA:32,5,1,4
BRDA:42,6,0,7
BRDA:42,6,1,1
BRDA:46,7,0,1
BRDA:46,7,1,6
BRDA:63,8,0,3
BRDA:63,8,1,1
BRDA:78,9,0,4
BRDA:78,9,1,4
BRDA:78,10,0,8
BRDA:78,10,1,7
BRDA:78,10,2,6
BRDA:78,10,3,5
BRDA:85,11,0,1
BRDA:85,11,1,3
BRDA:95,12,0,0
BRDA:95,12,1,7
BRDA:99,13,0,3
BRDA:99,13,1,4
BRDA:119,14,0,1
BRDA:119,14,1,4
BRF:34
BRH:33
end_of_record
TN:
SF:routes\clients.js
FN:6,(anonymous_0)
FN:7,(anonymous_1)
FN:8,(anonymous_2)
FN:10,(anonymous_3)
FN:14,(anonymous_4)
FN:15,(anonymous_5)
FN:17,(anonymous_6)
FN:22,(anonymous_7)
FN:25,(anonymous_8)
FN:31,(anonymous_9)
FN:39,(anonymous_10)
FN:48,(anonymous_11)
FN:56,(anonymous_12)
FN:73,(anonymous_13)
FN:83,(anonymous_14)
FNF:15
FNH:15
FNDA:4,(anonymous_0)
FNDA:4,(anonymous_1)
FNDA:4,(anonymous_2)
FNDA:2,(anonymous_3)
FNDA:4,(anonymous_4)
FNDA:4,(anonymous_5)
FNDA:1,(anonymous_6)
FNDA:2,(anonymous_7)
FNDA:2,(anonymous_8)
FNDA:6,(anonymous_9)
FNDA:2,(anonymous_10)
FNDA:8,(anonymous_11)
FNDA:4,(anonymous_12)
FNDA:8,(anonymous_13)
FNDA:6,(anonymous_14)
DA:1,1
DA:2,1
DA:3,1
DA:6,1
DA:7,4
DA:8,4
DA:9,4
DA:10,3
DA:14,4
DA:15,4
DA:16,4
DA:17,3
DA:21,4
DA:23,2
DA:26,2
DA:31,1
DA:32,6
DA:34,6
DA:35,4
DA:38,2
DA:39,2
DA:40,2
DA:41,1
DA:43,1
DA:48,1
DA:49,8
DA:51,8
DA:52,4
DA:55,4
DA:56,4
DA:57,4
DA:58,1
DA:60,3
DA:73,1
DA:74,8
DA:76,8
DA:77,2
DA:80,6
DA:81,6
DA:83,6
DA:84,6
DA:85,2
DA:87,4
DA:88,2
DA:90,2
DA:94,1
LF:46
LH:46
BRDA:9,0,0,1
BRDA:9,0,1,3
BRDA:16,1,0,1
BRDA:16,1,1,3
BRDA:34,2,0,4
BRDA:34,2,1,2
BRDA:34,3,0,6
BRDA:34,3,1,4
BRDA:34,3,2,3
BRDA:40,4,0,1
BRDA:40,4,1,1
BRDA:51,5,0,4
BRDA:51,5,1,4
BRDA:51,6,0,8
BRDA:51,6,1,7
BRDA:51,6,2,6
BRDA:51,6,3,5
BRDA:56,7,0,4
BRDA:56,7,1,3
BRDA:57,8,0,1
BRDA:57,8,1,3
BRDA:76,9,0,2
BRDA:76,9,1,6
BRDA:76,10,0,8
BRDA:76,10,1,5
BRDA:80,11,0,3
BRDA:80,11,1,3
BRDA:84,12,0,2
BRDA:84,12,1,4
BRDA:87,13,0,2
BRDA:87,13,1,2
BRF:31
BRH:31
end_of_record
TN:
SF:routes\products.js
FN:7,(anonymous_0)
FN:8,(anonymous_1)
FN:17,(anonymous_2)
FN:18,(anonymous_3)
FNF:4
FNH:4
FNDA:4,(anonymous_0)
FNDA:4,(anonymous_1)
FNDA:9,(anonymous_2)
FNDA:9,(anonymous_3)
DA:2,1
DA:3,1
DA:4,1
DA:7,1
DA:8,4
DA:9,4
DA:10,1
DA:12,3
DA:17,1
DA:18,9
DA:19,9
DA:20,1
DA:22,8
DA:23,2
DA:25,6
DA:29,1
LF:16
LH:16
BRDA:9,0,0,1
BRDA:9,0,1,3
BRDA:19,1,0,1
BRDA:19,1,1,8
BRDA:22,2,0,2
BRDA:22,2,1,6
BRF:6
BRH:6
end_of_record
TN:
SF:utils\pricing.js
FN:12,(anonymous_0)
FNF:1
FNH:1
FNDA:15,(anonymous_0)
DA:12,1
DA:13,15
DA:14,5
DA:18,10
DA:19,4
DA:21,6
DA:26,1
LF:7
LH:7
BRDA:13,0,0,5
BRDA:13,0,1,10
BRDA:18,1,0,4
BRDA:18,1,1,6
BRF:4
BRH:4
end_of_record
